Number of Red Players:  4
Number of Blue Players: 4
Blue Team Starts with the Ball
t 0.042 s
BLUE team has the ball
1 CARRY
t 2.549 s
2 CARRY
t 3.265 s
3 CARRY
t 3.461 s
4 CARRY
t 4.19 s
5 PASS
t 6.012 s
6 CARRY
t 6.778 s
7 CARRY
t 6.882 s
8 PASS
t 7.289 s
9 CARRY
t 10.427 s
10 CARRY
t 11.572 s
11 PASS
t 13.485 s
12 CARRY
t 13.684 s
13 PASS
t 14.279 s
14 CARRY
t 14.558 s
15 PASS
t 15.99 s
16 CARRY
t 19.433 s
17 CARRY
t 24.778 s
18 CARRY
t 28.993 s
19 STRIP
t 29.699 s
RED team has the ball
20 CARRY
t 29.833 s
21 PASS
t 30.515 s
22 CARRY
t 31.354 s
23 CARRY
t 34.321 s
24 CARRY
t 36.226 s
25 STRIP
t 36.302 s
BLUE team has the ball
26 CARRY
t 38.413 s
27 STRIP
t 41.193 s
RED team has the ball
28 CARRY
t 43.225 s
29 CARRY
t 45.25 s
30 CARRY
t 52.279 s
31 CARRY
t 55.542 s
32 PASS
t 55.711 s
33 CARRY
t 59.431 s
34 PASS
t 60.133 s
RED Team Scores!
The Score is now Red [1, 0] Blue
35 SHOOT
t 60.567 s
BLUE team has the ball
36 CARRY
t 63.671 s
37 CARRY
t 67.672 s
38 CARRY
t 68.108 s
39 STRIP
t 70.147 s
RED team has the ball
40 CARRY
t 73.537 s
41 PASS
t 74.754 s
42 CARRY
t 75.564 s
43 CARRY
t 79.891 s
44 PASS
t 79.924 s
45 CARRY
t 82.74 s
46 PASS
t 84.135 s
47 STRIP
t 86.637 s
BLUE team has the ball
48 CARRY
t 86.881 s
49 CARRY
t 88.92 s
50 STRIP
t 90.686 s
RED team has the ball
51 CARRY
t 91.024 s
52 STRIP
t 96.074 s
BLUE team has the ball
53 CARRY
t 96.321 s
BLUE Team Misses Their Shot
54 SHOOT
t 97.277 s
RED team has the ball
55 CARRY
t 103.17 s
56 CARRY
t 107.926 s
57 CARRY
t 108.149 s
58 CARRY
t 110.828 s
59 CARRY
t 115.157 s
60 CARRY
t 117.515 s
61 STRIP
t 120.901 s
BLUE team has the ball
62 PASS
t 123.041 s
63 STRIP
t 126.666 s
RED team has the ball
64 PASS
t 127.151 s
65 STRIP
t 132.493 s
BLUE team has the ball
66 PASS
t 134.171 s
67 CARRY
t 137.482 s
68 PASS
t 140.971 s
69 STRIP
t 142.269 s
RED team has the ball
70 PASS
t 145.75 s
71 CARRY
t 148.769 s
72 PASS
t 152.898 s
RED Team Misses Their Shot
73 SHOOT
t 154.352 s
BLUE team has the ball
74 CARRY
t 154.434 s
75 PASS
t 155.023 s
76 STRIP
t 157.407 s
RED team has the ball
RED Team Misses Their Shot
77 SHOOT
t 157.745 s
BLUE team has the ball
78 STRIP
t 160.702 s
RED team has the ball
79 PASS
t 166.122 s
80 STRIP
t 168.428 s
BLUE team has the ball
81 PASS
t 176.537 s
82 CARRY
t 184.771 s
83 PASS
t 190.373 s
BLUE Team Misses Their Shot
84 SHOOT
t 193.039 s
RED team has the ball
85 PASS
t 199.916 s
86 CARRY
t 204.536 s
87 PASS
t 205.513 s
88 CARRY
t 207.065 s
89 PASS
t 208.349 s
RED Team Misses Their Shot
90 SHOOT
t 209.576 s
BLUE team has the ball
91 STRIP
t 213.334 s
RED team has the ball
92 PASS
t 213.747 s
RED Team Misses Their Shot
93 SHOOT
t 217.276 s
BLUE team has the ball
94 PASS
t 218.689 s
95 CARRY
t 219.121 s
96 STRIP
t 221.021 s
RED team has the ball
97 PASS
t 221.022 s
98 CARRY
t 224.099 s
99 CARRY
t 231.2 s
100 CARRY
t 232.631 s
101 STRIP
t 235.336 s
BLUE team has the ball
102 CARRY
t 236.65 s
103 CARRY
t 237.481 s
104 CARRY
t 237.72 s
105 STRIP
t 241.96 s
RED team has the ball
106 PASS
t 249.188 s
107 STRIP
t 250.376 s
BLUE team has the ball
108 PASS
t 254.659 s
109 CARRY
t 258.082 s
110 PASS
t 259.545 s
111 CARRY
t 260.221 s
112 PASS
t 261.744 s
113 CARRY
t 264.535 s
114 CARRY
t 267.717 s
115 PASS
t 268.459 s
BLUE Team Misses Their Shot
116 SHOOT
t 269.398 s
RED team has the ball
117 CARRY
t 269.596 s
118 STRIP
t 271.147 s
BLUE team has the ball
119 CARRY
t 271.676 s
120 PASS
t 275.395 s
121 CARRY
t 275.711 s
122 PASS
t 276.228 s
BLUE Team Misses Their Shot
123 SHOOT
t 278.174 s
RED team has the ball
124 PASS
t 279.35 s
125 STRIP
t 280.474 s
BLUE team has the ball
126 PASS
t 281.297 s
127 CARRY
t 281.788 s
128 PASS
t 285.696 s
129 CARRY
t 292.306 s
130 PASS
t 293.831 s
BLUE Team Misses Their Shot
131 SHOOT
t 295.309 s
RED team has the ball
132 CARRY
t 295.503 s
133 STRIP
t 301.789 s
BLUE team has the ball
134 PASS
t 304.248 s
135 STRIP
t 307.018 s
RED team has the ball
136 PASS
t 311.576 s
137 STRIP
t 313.122 s
BLUE team has the ball
138 CARRY
t 313.265 s
139 CARRY
t 315.387 s
140 STRIP
t 317.211 s
RED team has the ball
141 PASS
t 317.313 s
142 STRIP
t 317.634 s
BLUE team has the ball
143 PASS
t 321.184 s
144 CARRY
t 321.566 s
145 PASS
t 323.075 s
BLUE Team Scores!
The Score is now Red [1, 1] Blue
146 SHOOT
t 324.294 s
RED team has the ball
147 PASS
t 326.476 s
148 CARRY
t 326.572 s
149 CARRY
t 327.556 s
150 CARRY
t 327.919 s
151 PASS
t 328.636 s
152 CARRY
t 329.248 s
153 CARRY
t 332.129 s
154 CARRY
t 332.685 s
155 CARRY
t 335.637 s
156 STRIP
t 336.704 s
BLUE team has the ball
157 CARRY
t 339.853 s
158 CARRY
t 341.433 s
159 PASS
t 343.323 s
160 CARRY
t 344.918 s
161 STRIP
t 345.317 s
RED team has the ball
162 PASS
t 346.076 s
163 CARRY
t 346.586 s
164 PASS
t 351.062 s
RED Team Misses Their Shot
165 SHOOT
t 351.509 s
BLUE team has the ball
166 CARRY
t 351.794 s
167 CARRY
t 351.799 s
168 CARRY
t 352.588 s
169 CARRY
t 354.31 s
170 CARRY
t 354.585 s
171 CARRY
t 355.895 s
172 CARRY
t 357.943 s
173 PASS
t 357.982 s
174 CARRY
t 362.981 s
175 PASS
t 365.027 s
176 CARRY
t 365.841 s
177 STRIP
t 372.275 s
RED team has the ball
178 PASS
t 372.718 s
179 CARRY
t 374.565 s
180 PASS
t 375.012 s
181 CARRY
t 377.296 s
182 PASS
t 377.696 s
183 STRIP
t 380.938 s
BLUE team has the ball
184 PASS
t 384.479 s
185 STRIP
t 384.596 s
RED team has the ball
186 PASS
t 386.35 s
187 STRIP
t 387.885 s
BLUE team has the ball
188 CARRY
t 388.83 s
189 PASS
t 389.504 s
190 STRIP
t 389.75 s
RED team has the ball
191 PASS
t 396.952 s
192 CARRY
t 397.821 s
193 CARRY
t 401.277 s
194 PASS
t 402.01 s
195 CARRY
t 407.123 s
196 CARRY
t 409.346 s
197 CARRY
t 409.385 s
RED Team Scores!
The Score is now Red [2, 1] Blue
198 SHOOT
t 409.776 s
BLUE team has the ball
199 CARRY
t 410.623 s
200 CARRY
t 413.324 s
201 CARRY
t 414.706 s
202 CARRY
t 414.859 s
203 CARRY
t 415.528 s
204 PASS
t 417.251 s
205 CARRY
t 420.313 s
206 CARRY
t 421.003 s
207 PASS
t 421.236 s
208 CARRY
t 423.674 s
209 CARRY
t 423.873 s
210 CARRY
t 424.867 s
211 PASS
t 425.943 s
212 CARRY
t 426.197 s
213 PASS
t 430.76 s
214 CARRY
t 431.598 s
215 PASS
t 431.605 s
216 STRIP
t 432.208 s
RED team has the ball
217 PASS
t 432.605 s
218 STRIP
t 432.805 s
BLUE team has the ball
219 PASS
t 439.313 s
220 CARRY
t 443.357 s
221 STRIP
t 443.937 s
RED team has the ball
222 PASS
t 446.024 s
223 STRIP
t 448.15 s
BLUE team has the ball
224 PASS
t 451.158 s
BLUE Team Misses Their Shot
225 SHOOT
t 454.673 s
RED team has the ball
226 PASS
t 455.682 s
227 CARRY
t 455.997 s
228 PASS
t 456.489 s
229 CARRY
t 456.558 s
230 PASS
t 458.274 s
231 STRIP
t 463.747 s
BLUE team has the ball
232 PASS
t 464.266 s
233 CARRY
t 465.392 s
234 STRIP
t 469.694 s
RED team has the ball
235 PASS
t 473.905 s
236 STRIP
t 475.34 s
BLUE team has the ball
237 PASS
t 477.397 s
238 STRIP
t 478.243 s
RED team has the ball
239 PASS
t 478.344 s
240 STRIP
t 479.309 s
BLUE team has the ball
241 PASS
t 480.539 s
BLUE Team Misses Their Shot
242 SHOOT
t 487.066 s
RED team has the ball
243 PASS
t 493.972 s
244 STRIP
t 494.265 s
BLUE team has the ball
245 PASS
t 495.606 s
246 CARRY
t 503.315 s
247 PASS
t 503.423 s
BLUE Team Misses Their Shot
248 SHOOT
t 505.838 s
RED team has the ball
249 STRIP
t 513.265 s
BLUE team has the ball
BLUE Team Scores!
The Score is now Red [2, 2] Blue
250 SHOOT
t 513.44 s
RED team has the ball
251 CARRY
t 515.544 s
252 CARRY
t 515.804 s
253 PASS
t 516.584 s
254 CARRY
t 518.004 s
255 CARRY
t 525.406 s
256 PASS
t 529.571 s
257 CARRY
t 530.254 s
258 STRIP
t 530.318 s
BLUE team has the ball
259 PASS
t 534.536 s
260 CARRY
t 534.998 s
261 PASS
t 535.37 s
262 CARRY
t 535.64 s
263 PASS
t 542.544 s
264 CARRY
t 543.048 s
265 PASS
t 543.979 s
266 CARRY
t 544.46 s
267 PASS
t 546.965 s
268 CARRY
t 547.636 s
269 CARRY
t 549.35 s
270 STRIP
t 549.486 s
RED team has the ball
271 PASS
t 552.854 s
272 CARRY
t 553.851 s
273 PASS
t 555.697 s
274 STRIP
t 558.147 s
BLUE team has the ball
275 PASS
t 562.57 s
276 STRIP
t 565.153 s
RED team has the ball
277 PASS
t 565.243 s
278 STRIP
t 566.107 s
BLUE team has the ball
279 PASS
t 569.933 s
280 STRIP
t 570.386 s
RED team has the ball
281 PASS
t 579.274 s
282 STRIP
t 579.638 s
BLUE team has the ball
283 PASS
t 583.945 s
284 CARRY
t 585.997 s
285 STRIP
t 586.77 s
RED team has the ball
286 PASS
t 590.614 s
287 CARRY
t 593.413 s
288 PASS
t 595.198 s
289 CARRY
t 596.297 s
290 PASS
t 597.022 s
291 CARRY
t 597.776 s
292 PASS
t 597.795 s
293 STRIP
t 605.296 s
BLUE team has the ball
294 PASS
t 606.416 s
295 CARRY
t 608.945 s
296 PASS
t 609.831 s
297 STRIP
t 613.292 s
RED team has the ball
298 PASS
t 615.258 s
299 STRIP
t 617.371 s
BLUE team has the ball
300 PASS
t 619.026 s
301 STRIP
t 622.61 s
RED team has the ball
302 PASS
t 628.528 s
303 STRIP
t 629.487 s
BLUE team has the ball
304 PASS
t 632.002 s
305 STRIP
t 632.717 s
RED team has the ball
306 PASS
t 633.905 s
307 STRIP
t 634.717 s
BLUE team has the ball
308 PASS
t 635.396 s
309 STRIP
t 635.935 s
RED team has the ball
310 PASS
t 636.146 s
311 STRIP
t 636.836 s
BLUE team has the ball
312 PASS
t 638.584 s
313 STRIP
t 641.332 s
RED team has the ball
314 PASS
t 643.169 s
315 STRIP
t 645.267 s
BLUE team has the ball
316 PASS
t 647.488 s
317 CARRY
t 647.678 s
318 STRIP
t 648.489 s
RED team has the ball
319 PASS
t 652.121 s
320 CARRY
t 652.295 s
321 STRIP
t 653.289 s
BLUE team has the ball
322 CARRY
t 654.436 s
323 STRIP
t 655.244 s
RED team has the ball
324 PASS
t 657.439 s
325 CARRY
t 658.807 s
326 CARRY
t 661.318 s
327 CARRY
t 664.747 s
328 STRIP
t 666.293 s
BLUE team has the ball
329 PASS
t 667.361 s
330 STRIP
t 668.423 s
RED team has the ball
331 CARRY
t 669.053 s
332 PASS
t 672.11 s
333 CARRY
t 672.963 s
334 CARRY
t 674.764 s
335 CARRY
t 675.755 s
336 PASS
t 677.565 s
337 STRIP
t 681.047 s
BLUE team has the ball
338 CARRY
t 681.205 s
339 PASS
t 686.288 s
340 STRIP
t 690.16 s
RED team has the ball
341 PASS
t 690.282 s
RED Team Misses Their Shot
342 SHOOT
t 691.451 s
BLUE team has the ball
343 STRIP
t 695.517 s
RED team has the ball
RED Team Misses Their Shot
344 SHOOT
t 696.293 s
BLUE team has the ball
345 STRIP
t 696.898 s
RED team has the ball
346 CARRY
t 699.528 s
347 STRIP
t 701.792 s
BLUE team has the ball
348 PASS
t 705.44 s
349 CARRY
t 705.885 s
350 STRIP
t 706.674 s
RED team has the ball
351 PASS
t 706.838 s
352 STRIP
t 710.166 s
BLUE team has the ball
353 CARRY
t 712.93 s
354 STRIP
t 714.95 s
RED team has the ball
RED Team Misses Their Shot
355 SHOOT
t 716.809 s
BLUE team has the ball
356 CARRY
t 718.506 s
357 STRIP
t 720.374 s
RED team has the ball
RED Team Misses Their Shot
358 SHOOT
t 721.371 s
BLUE team has the ball
359 STRIP
t 725.893 s
RED team has the ball
360 PASS
t 729.884 s
361 CARRY
t 737.903 s
362 CARRY
t 744.871 s
363 PASS
t 745.627 s
364 CARRY
t 748.247 s
365 CARRY
t 749.58 s
366 STRIP
t 753.547 s
BLUE team has the ball
367 PASS
t 753.756 s
368 STRIP
t 755.137 s
RED team has the ball
369 CARRY
t 755.709 s
370 STRIP
t 755.782 s
BLUE team has the ball
371 PASS
t 757.891 s
372 CARRY
t 758.784 s
373 CARRY
t 758.928 s
374 PASS
t 759.723 s
375 CARRY
t 760.57 s
376 PASS
t 760.883 s
377 STRIP
t 762.16 s
RED team has the ball
378 PASS
t 767.497 s
RED Team Misses Their Shot
379 SHOOT
t 767.655 s
BLUE team has the ball
380 STRIP
t 769.525 s
RED team has the ball
RED Team Misses Their Shot
381 SHOOT
t 769.667 s
BLUE team has the ball
382 PASS
t 770.156 s
383 CARRY
t 770.856 s
384 CARRY
t 771.977 s
385 PASS
t 773.759 s
386 STRIP
t 775.485 s
RED team has the ball
387 PASS
t 775.661 s
388 STRIP
t 776.246 s
BLUE team has the ball
389 PASS
t 786.54 s
390 CARRY
t 787.03 s
391 CARRY
t 787.236 s
392 CARRY
t 787.722 s
393 PASS
t 794.56 s
394 CARRY
t 795.251 s
395 PASS
t 795.417 s
396 CARRY
t 795.512 s
397 CARRY
t 797.47 s
398 PASS
t 803.307 s
399 CARRY
t 803.664 s
400 PASS
t 806.748 s
BLUE Team Scores!
The Score is now Red [2, 3] Blue
401 SHOOT
t 810.616 s
RED team has the ball
402 PASS
t 815.203 s
403 CARRY
t 817.158 s
404 CARRY
t 823.625 s
405 CARRY
t 823.673 s
406 PASS
t 824.928 s
407 CARRY
t 825.828 s
408 CARRY
t 829.387 s
409 CARRY
t 830.24 s
RED Team Misses Their Shot
410 SHOOT
t 831.305 s
BLUE team has the ball
411 PASS
t 837.151 s
412 CARRY
t 837.917 s
413 CARRY
t 841.982 s
414 CARRY
t 842.785 s
415 PASS
t 848.075 s
416 CARRY
t 848.694 s
417 CARRY
t 848.74 s
BLUE Team Misses Their Shot
418 SHOOT
t 848.9 s
RED team has the ball
419 CARRY
t 855.948 s
420 PASS
t 859.153 s
421 CARRY
t 864.662 s
422 STRIP
t 864.87 s
BLUE team has the ball
423 CARRY
t 865.591 s
424 STRIP
t 868.406 s
RED team has the ball
425 CARRY
t 870.536 s
426 STRIP
t 871.215 s
BLUE team has the ball
427 CARRY
t 871.677 s
428 STRIP
t 874.962 s
RED team has the ball
429 CARRY
t 876.233 s
Weird thing happening in move defenders
430 PASS
t 877.025 s
RED Team Scores!
The Score is now Red [3, 3] Blue
431 SHOOT
t 877.662 s
BLUE team has the ball
432 CARRY
t 878.513 s
433 CARRY
t 884.092 s
434 CARRY
t 884.14 s
435 CARRY
t 884.192 s
436 STRIP
t 887.594 s
RED team has the ball
437 CARRY
t 888.469 s
438 CARRY
t 890.873 s
439 PASS
t 892.574 s
440 CARRY
t 895.18 s
441 CARRY
t 900.383 s
442 STRIP
t 902.317 s
BLUE team has the ball
443 PASS
t 903.304 s
444 CARRY
t 905.7 s
445 STRIP
t 906.568 s
RED team has the ball
446 PASS
t 909.448 s
447 CARRY
t 909.891 s
448 CARRY
t 911.09 s
449 CARRY
t 911.747 s
450 PASS
t 912.011 s
451 CARRY
t 912.697 s
452 PASS
t 914.669 s
453 CARRY
t 916.203 s
454 CARRY
t 916.462 s
455 PASS
t 916.999 s
RED Team Misses Their Shot
456 SHOOT
t 920.399 s
BLUE team has the ball
457 PASS
t 923.56 s
458 CARRY
t 926.389 s
459 CARRY
t 927.643 s
460 PASS
t 929.29 s
461 STRIP
t 932.104 s
RED team has the ball
462 CARRY
t 932.172 s
463 PASS
t 932.728 s
464 CARRY
t 933.795 s
465 CARRY
t 940.855 s
466 PASS
t 941.397 s
RED Team Misses Their Shot
467 SHOOT
t 942.176 s
BLUE team has the ball
468 CARRY
t 943.31 s
469 STRIP
t 943.521 s
RED team has the ball
RED Team Scores!
The Score is now Red [4, 3] Blue
470 SHOOT
t 944.564 s
BLUE team has the ball
471 CARRY
t 946.675 s
472 PASS
t 949.734 s
473 CARRY
t 950.285 s
474 PASS
t 950.475 s
475 CARRY
t 951.55 s
476 CARRY
t 971.018 s
477 STRIP
t 972.104 s
RED team has the ball
478 PASS
t 973.643 s
479 STRIP
t 973.662 s
BLUE team has the ball
480 CARRY
t 974.939 s
481 STRIP
t 982.07 s
RED team has the ball
482 PASS
t 982.714 s
483 STRIP
t 984.346 s
BLUE team has the ball
484 CARRY
t 987.281 s
485 STRIP
t 987.449 s
RED team has the ball
486 CARRY
t 991.761 s
487 STRIP
t 993.509 s
BLUE team has the ball
488 CARRY
t 994.538 s
489 PASS
t 995.43 s
490 CARRY
t 995.803 s
491 PASS
t 1001.598 s
492 CARRY
t 1003.204 s
493 PASS
t 1004.83 s
494 STRIP
t 1011.297 s
RED team has the ball
495 CARRY
t 1012.42 s
496 CARRY
t 1015.947 s
497 STRIP
t 1021.713 s
BLUE team has the ball
498 CARRY
t 1022.595 s
BLUE Team Misses Their Shot
499 SHOOT
t 1024.589 s
RED team has the ball
500 CARRY
t 1025.879 s
501 CARRY
t 1026.016 s
502 CARRY
t 1026.544 s
503 CARRY
t 1027.25 s
504 CARRY
t 1029.706 s
505 PASS
t 1032.583 s
506 CARRY
t 1038.498 s
507 PASS
t 1040.595 s
508 STRIP
t 1041.681 s
BLUE team has the ball
509 CARRY
t 1043.016 s
510 PASS
t 1044.173 s
511 CARRY
t 1047.148 s
512 CARRY
t 1047.92 s
513 PASS
t 1049.95 s
514 CARRY
t 1051.474 s
515 PASS
t 1051.982 s
516 STRIP
t 1054.918 s
RED team has the ball
517 CARRY
t 1055.477 s
518 STRIP
t 1056.051 s
BLUE team has the ball
519 PASS
t 1058.215 s
520 STRIP
t 1058.248 s
RED team has the ball
521 PASS
t 1060.768 s
522 CARRY
t 1062.443 s
523 PASS
t 1064.503 s
524 CARRY
t 1066.018 s
525 PASS
t 1066.856 s
526 STRIP
t 1067.353 s
BLUE team has the ball
527 PASS
t 1076.391 s
528 CARRY
t 1078.896 s
529 PASS
t 1081.631 s
530 CARRY
t 1086.718 s
531 CARRY
t 1091.656 s
BLUE Team Misses Their Shot
532 SHOOT
t 1092.516 s
RED team has the ball
533 PASS
t 1105.479 s
534 CARRY
t 1106.748 s
535 PASS
t 1112.215 s
536 CARRY
t 1113.164 s
537 CARRY
t 1115.353 s
538 STRIP
t 1115.384 s
BLUE team has the ball
BLUE Team Misses Their Shot
539 SHOOT
t 1115.423 s
RED team has the ball
540 CARRY
t 1116.652 s
541 CARRY
t 1116.904 s
542 STRIP
t 1117.256 s
BLUE team has the ball
543 CARRY
t 1121.922 s
544 PASS
t 1122.028 s
545 CARRY
t 1124.254 s
BLUE Team Misses Their Shot
546 SHOOT
t 1127.981 s
RED team has the ball
547 CARRY
t 1129.111 s
548 CARRY
t 1131.336 s
549 CARRY
t 1131.67 s
550 CARRY
t 1133.524 s
551 CARRY
t 1134.317 s
552 CARRY
t 1135.509 s
553 CARRY
t 1136.422 s
554 CARRY
t 1138.312 s
555 CARRY
t 1139.226 s
556 CARRY
t 1139.458 s
557 CARRY
t 1141.092 s
558 CARRY
t 1141.14 s
559 CARRY
t 1141.936 s
560 CARRY
t 1142.057 s
561 CARRY
t 1142.218 s
562 STRIP
t 1145.572 s
BLUE team has the ball
563 CARRY
t 1146.033 s
564 CARRY
t 1147.349 s
565 CARRY
t 1148.16 s
566 PASS
t 1149.135 s
567 CARRY
t 1152.799 s
568 CARRY
t 1152.878 s
569 PASS
t 1155.0 s
BLUE Team Misses Their Shot
570 SHOOT
t 1160.161 s
RED team has the ball
571 STRIP
t 1160.758 s
BLUE team has the ball
572 CARRY
t 1161.455 s
573 CARRY
t 1164.65 s
574 CARRY
t 1165.825 s
BLUE Team Misses Their Shot
575 SHOOT
t 1167.211 s
RED team has the ball
576 CARRY
t 1168.091 s
577 CARRY
t 1168.167 s
578 CARRY
t 1169.888 s
579 CARRY
t 1170.014 s
580 STRIP
t 1174.701 s
BLUE team has the ball
581 CARRY
t 1174.966 s
582 PASS
t 1177.522 s
583 STRIP
t 1178.91 s
RED team has the ball
584 PASS
t 1179.033 s
585 STRIP
t 1179.155 s
BLUE team has the ball
586 PASS
t 1184.329 s
587 STRIP
t 1189.459 s
RED team has the ball
588 PASS
t 1190.471 s
589 CARRY
t 1194.107 s
590 PASS
t 1195.296 s
591 CARRY
t 1196.726 s
592 PASS
t 1197.314 s
593 STRIP
t 1198.209 s
BLUE team has the ball
594 CARRY
t 1201.222 s
595 PASS
t 1203.603 s
596 STRIP
t 1206.189 s
RED team has the ball
597 PASS
t 1207.435 s
598 STRIP
t 1207.76 s
BLUE team has the ball
599 PASS
t 1211.345 s
600 CARRY
t 1211.711 s
601 PASS
t 1212.113 s
602 CARRY
t 1212.147 s
603 CARRY
t 1213.471 s
604 CARRY
t 1214.048 s
605 CARRY
t 1215.423 s
606 CARRY
t 1216.332 s
BLUE Team Misses Their Shot
607 SHOOT
t 1217.494 s
RED team has the ball
608 PASS
t 1219.305 s
609 CARRY
t 1229.447 s
610 STRIP
t 1229.5 s
BLUE team has the ball
611 PASS
t 1229.54 s
612 STRIP
t 1230.4 s
RED team has the ball
613 CARRY
t 1234.709 s
614 STRIP
t 1235.727 s
BLUE team has the ball
615 CARRY
t 1238.768 s
616 CARRY
t 1240.767 s
617 CARRY
t 1242.788 s
618 CARRY
t 1246.598 s
619 CARRY
t 1248.725 s
620 CARRY
t 1251.616 s
621 CARRY
t 1252.409 s
622 STRIP
t 1256.866 s
RED team has the ball
623 PASS
t 1258.53 s
624 STRIP
t 1260.043 s
BLUE team has the ball
625 CARRY
t 1260.492 s
626 CARRY
t 1261.77 s
627 PASS
t 1262.045 s
628 CARRY
t 1265.912 s
629 CARRY
t 1267.316 s
630 STRIP
t 1267.397 s
RED team has the ball
631 PASS
t 1267.552 s
632 CARRY
t 1268.332 s
633 PASS
t 1269.928 s
634 STRIP
t 1270.439 s
BLUE team has the ball
635 PASS
t 1274.717 s
636 CARRY
t 1274.722 s
637 CARRY
t 1275.746 s
638 CARRY
t 1276.623 s
BLUE Team Misses Their Shot
639 SHOOT
t 1280.024 s
RED team has the ball
640 CARRY
t 1280.822 s
641 STRIP
t 1281.089 s
BLUE team has the ball
642 CARRY
t 1281.332 s
643 PASS
t 1282.062 s
644 CARRY
t 1282.205 s
645 PASS
t 1283.223 s
646 CARRY
t 1283.744 s
BLUE Team Misses Their Shot
647 SHOOT
t 1284.249 s
RED team has the ball
648 CARRY
t 1290.435 s
649 CARRY
t 1290.476 s
650 STRIP
t 1292.007 s
BLUE team has the ball
651 CARRY
t 1293.552 s
652 PASS
t 1294.737 s
653 CARRY
t 1297.329 s
654 CARRY
t 1297.383 s
655 CARRY
t 1298.819 s
656 CARRY
t 1301.626 s
657 CARRY
t 1303.252 s
658 CARRY
t 1307.324 s
659 CARRY
t 1313.033 s
660 CARRY
t 1316.332 s
661 CARRY
t 1316.656 s
662 STRIP
t 1318.499 s
RED team has the ball
663 PASS
t 1319.566 s
664 CARRY
t 1320.219 s
665 PASS
t 1320.265 s
666 STRIP
t 1321.947 s
BLUE team has the ball
667 PASS
t 1324.08 s
BLUE Team Scores!
The Score is now Red [4, 4] Blue
668 SHOOT
t 1325.327 s
RED team has the ball
669 CARRY
t 1326.81 s
670 CARRY
t 1334.444 s
671 CARRY
t 1336.961 s
672 CARRY
t 1339.064 s
673 STRIP
t 1340.536 s
BLUE team has the ball
674 CARRY
t 1340.848 s
675 PASS
t 1342.836 s
676 CARRY
t 1343.738 s
677 PASS
t 1343.984 s
678 CARRY
t 1347.827 s
679 PASS
t 1353.03 s
680 STRIP
t 1353.768 s
RED team has the ball
681 PASS
t 1355.225 s
682 CARRY
t 1356.085 s
683 PASS
t 1357.648 s
684 CARRY
t 1358.714 s
685 PASS
t 1363.054 s
686 CARRY
t 1365.826 s
687 PASS
t 1367.649 s
688 STRIP
t 1369.69 s
BLUE team has the ball
689 PASS
t 1372.83 s
690 CARRY
t 1372.955 s
691 CARRY
t 1373.79 s
692 CARRY
t 1376.784 s
693 PASS
t 1376.983 s
694 STRIP
t 1382.552 s
RED team has the ball
695 PASS
t 1386.339 s
696 CARRY
t 1396.587 s
697 CARRY
t 1396.606 s
698 CARRY
t 1398.344 s
699 STRIP
t 1398.82 s
BLUE team has the ball
700 PASS
t 1399.823 s
701 CARRY
t 1400.163 s
702 STRIP
t 1401.769 s
RED team has the ball
703 CARRY
t 1404.486 s
704 STRIP
t 1408.24 s
BLUE team has the ball
705 PASS
t 1409.283 s
706 CARRY
t 1409.811 s
707 STRIP
t 1410.297 s
RED team has the ball
RED Team Misses Their Shot
708 SHOOT
t 1412.778 s
BLUE team has the ball
709 CARRY
t 1412.788 s
710 CARRY
t 1412.835 s
711 CARRY
t 1420.028 s
712 CARRY
t 1422.161 s
713 STRIP
t 1422.3 s
RED team has the ball
714 CARRY
t 1422.389 s
715 STRIP
t 1423.474 s
BLUE team has the ball
716 CARRY
t 1425.934 s
717 STRIP
t 1440.239 s
RED team has the ball
718 CARRY
t 1442.196 s
719 CARRY
t 1443.941 s
720 PASS
t 1448.077 s
RED Team Misses Their Shot
721 SHOOT
t 1448.798 s
BLUE team has the ball
722 PASS
t 1449.848 s
723 CARRY
t 1452.964 s
724 STRIP
t 1454.131 s
RED team has the ball
725 PASS
t 1454.518 s
726 CARRY
t 1458.68 s
727 CARRY
t 1458.833 s
728 CARRY
t 1461.928 s
729 CARRY
t 1464.631 s
730 CARRY
t 1469.659 s
731 CARRY
t 1470.155 s
732 CARRY
t 1471.073 s
733 CARRY
t 1471.44 s
734 CARRY
t 1471.45 s
735 CARRY
t 1473.033 s
736 CARRY
t 1473.559 s
737 CARRY
t 1476.311 s
738 CARRY
t 1477.469 s
739 STRIP
t 1479.612 s
BLUE team has the ball
740 PASS
t 1480.285 s
741 STRIP
t 1480.597 s
RED team has the ball
742 CARRY
t 1482.166 s
743 STRIP
t 1483.706 s
BLUE team has the ball
744 PASS
t 1492.511 s
745 CARRY
t 1492.876 s
746 PASS
t 1498.179 s
747 CARRY
t 1498.639 s
BLUE Team Misses Their Shot
748 SHOOT
t 1504.269 s
RED team has the ball
749 STRIP
t 1504.358 s
BLUE team has the ball
BLUE Team Scores!
The Score is now Red [4, 5] Blue
750 SHOOT
t 1506.091 s
RED team has the ball
751 CARRY
t 1506.159 s
752 CARRY
t 1507.685 s
753 CARRY
t 1507.981 s
754 CARRY
t 1509.179 s
755 CARRY
t 1509.473 s
756 STRIP
t 1509.535 s
BLUE team has the ball
757 PASS
t 1514.213 s
758 CARRY
t 1519.289 s
759 CARRY
t 1522.981 s
760 STRIP
t 1526.761 s
RED team has the ball
761 PASS
t 1527.325 s
762 STRIP
t 1530.765 s
BLUE team has the ball
763 PASS
t 1536.362 s
764 STRIP
t 1539.922 s
RED team has the ball
765 CARRY
t 1542.784 s
766 PASS
t 1547.32 s
767 STRIP
t 1549.753 s
BLUE team has the ball
768 PASS
t 1550.936 s
769 CARRY
t 1552.628 s
770 CARRY
t 1556.159 s
771 PASS
t 1556.518 s
772 CARRY
t 1556.982 s
773 PASS
t 1559.323 s
774 CARRY
t 1560.35 s
775 PASS
t 1563.774 s
776 CARRY
t 1564.026 s
777 PASS
t 1566.307 s
778 CARRY
t 1570.645 s
779 PASS
t 1570.965 s
780 CARRY
t 1571.202 s
781 CARRY
t 1576.127 s
BLUE Team Misses Their Shot
782 SHOOT
t 1576.15 s
RED team has the ball
783 PASS
t 1578.182 s
784 CARRY
t 1580.81 s
785 PASS
t 1580.867 s
786 STRIP
t 1582.282 s
BLUE team has the ball
BLUE Team Scores!
The Score is now Red [4, 6] Blue
787 SHOOT
t 1582.918 s
RED team has the ball
788 CARRY
t 1583.03 s
789 CARRY
t 1585.687 s
790 CARRY
t 1585.752 s
791 CARRY
t 1586.117 s
792 CARRY
t 1587.647 s
793 PASS
t 1589.745 s
794 CARRY
t 1596.987 s
795 CARRY
t 1598.797 s
796 PASS
t 1599.046 s
797 CARRY
t 1601.419 s
798 STRIP
t 1601.791 s
BLUE team has the ball
799 PASS
t 1603.145 s
800 CARRY
t 1606.339 s
801 PASS
t 1607.025 s
802 CARRY
t 1607.054 s
803 CARRY
t 1608.856 s
804 PASS
t 1609.686 s
805 CARRY
t 1612.127 s
806 PASS
t 1612.738 s
807 STRIP
t 1612.891 s
RED team has the ball
808 PASS
t 1613.948 s
809 STRIP
t 1619.85 s
BLUE team has the ball
810 PASS
t 1620.105 s
811 CARRY
t 1620.997 s
812 STRIP
t 1622.303 s
RED team has the ball
813 PASS
t 1622.332 s
814 STRIP
t 1624.473 s
BLUE team has the ball
815 PASS
t 1625.943 s
816 STRIP
t 1630.081 s
RED team has the ball
817 PASS
t 1630.736 s
818 CARRY
t 1631.552 s
819 CARRY
t 1632.955 s
820 PASS
t 1633.674 s
821 STRIP
t 1637.047 s
BLUE team has the ball
822 CARRY
t 1642.204 s
823 PASS
t 1642.969 s
824 CARRY
t 1645.134 s
825 PASS
t 1645.47 s
826 STRIP
t 1645.981 s
RED team has the ball
827 CARRY
t 1654.123 s
828 STRIP
t 1660.689 s
BLUE team has the ball
829 CARRY
t 1660.923 s
830 PASS
t 1662.154 s
BLUE Team Misses Their Shot
831 SHOOT
t 1663.724 s
RED team has the ball
832 PASS
t 1664.782 s
833 STRIP
t 1664.937 s
BLUE team has the ball
BLUE Team Misses Their Shot
834 SHOOT
t 1667.191 s
RED team has the ball
835 PASS
t 1669.594 s
836 STRIP
t 1673.35 s
BLUE team has the ball
837 PASS
t 1675.563 s
838 CARRY
t 1675.788 s
839 PASS
t 1675.835 s
BLUE Team Misses Their Shot
840 SHOOT
t 1676.474 s
RED team has the ball
841 PASS
t 1678.314 s
842 CARRY
t 1678.841 s
843 CARRY
t 1679.301 s
844 PASS
t 1681.661 s
845 CARRY
t 1681.901 s
846 PASS
t 1682.265 s
847 CARRY
t 1682.481 s
848 CARRY
t 1683.766 s
849 PASS
t 1685.252 s
850 CARRY
t 1686.174 s
851 CARRY
t 1690.561 s
852 CARRY
t 1692.764 s
853 PASS
t 1693.069 s
854 STRIP
t 1701.878 s
BLUE team has the ball
855 PASS
t 1703.28 s
856 STRIP
t 1703.419 s
RED team has the ball
857 PASS
t 1706.143 s
858 CARRY
t 1708.511 s
859 CARRY
t 1710.39 s
860 PASS
t 1712.003 s
861 STRIP
t 1715.02 s
BLUE team has the ball
862 PASS
t 1716.114 s
863 STRIP
t 1720.518 s
RED team has the ball
864 PASS
t 1723.653 s
865 STRIP
t 1728.231 s
BLUE team has the ball
866 PASS
t 1735.178 s
867 CARRY
t 1736.102 s
868 CARRY
t 1738.108 s
869 CARRY
t 1738.762 s
870 CARRY
t 1741.951 s
871 STRIP
t 1742.558 s
RED team has the ball
872 PASS
t 1743.158 s
873 CARRY
t 1744.03 s
874 PASS
t 1745.893 s
875 CARRY
t 1747.719 s
876 CARRY
t 1752.191 s
877 STRIP
t 1754.764 s
BLUE team has the ball
878 PASS
t 1755.159 s
879 STRIP
t 1760.03 s
RED team has the ball
880 PASS
t 1763.082 s
881 CARRY
t 1764.345 s
882 PASS
t 1764.518 s
883 STRIP
t 1765.682 s
BLUE team has the ball
884 PASS
t 1766.875 s
885 STRIP
t 1769.017 s
RED team has the ball
886 PASS
t 1771.381 s
887 STRIP
t 1774.252 s
BLUE team has the ball
888 PASS
t 1776.946 s
889 CARRY
t 1781.133 s
890 CARRY
t 1785.177 s
891 CARRY
t 1787.336 s
892 CARRY
t 1787.849 s
893 STRIP
t 1790.04 s
RED team has the ball
894 PASS
t 1790.423 s
895 STRIP
t 1791.36 s
BLUE team has the ball
896 CARRY
t 1791.494 s
897 STRIP
t 1791.962 s
RED team has the ball
898 PASS
t 1793.823 s
899 CARRY
t 1795.316 s
900 PASS
t 1804.959 s
HALFTIME
Current Score: Red [4, 6] Blue
BLUE team has the ball
901 CARRY
t 1806.355 s
902 STRIP
t 1808.078 s
RED team has the ball
903 PASS
t 1810.765 s
904 CARRY
t 1813.012 s
905 PASS
t 1814.168 s
906 STRIP
t 1815.929 s
BLUE team has the ball
907 PASS
t 1816.303 s
908 CARRY
t 1816.316 s
909 PASS
t 1817.901 s
910 CARRY
t 1821.041 s
911 PASS
t 1821.641 s
912 STRIP
t 1822.292 s
RED team has the ball
913 PASS
t 1822.869 s
914 STRIP
t 1824.055 s
BLUE team has the ball
915 PASS
t 1832.391 s
916 STRIP
t 1834.055 s
RED team has the ball
917 PASS
t 1836.365 s
918 STRIP
t 1838.636 s
BLUE team has the ball
919 PASS
t 1838.668 s
920 CARRY
t 1841.781 s
921 PASS
t 1842.429 s
922 CARRY
t 1843.942 s
923 CARRY
t 1845.647 s
924 CARRY
t 1856.871 s
925 CARRY
t 1862.846 s
926 CARRY
t 1863.028 s
927 CARRY
t 1865.787 s
928 CARRY
t 1867.006 s
929 CARRY
t 1867.7 s
930 STRIP
t 1869.421 s
RED team has the ball
931 CARRY
t 1869.647 s
932 STRIP
t 1872.144 s
BLUE team has the ball
933 CARRY
t 1875.66 s
BLUE Team Misses Their Shot
934 SHOOT
t 1875.855 s
RED team has the ball
935 PASS
t 1877.387 s
936 CARRY
t 1878.066 s
937 CARRY
t 1879.338 s
938 CARRY
t 1882.456 s
939 CARRY
t 1883.998 s
940 CARRY
t 1891.856 s
941 CARRY
t 1896.897 s
942 STRIP
t 1898.393 s
BLUE team has the ball
943 CARRY
t 1899.053 s
944 CARRY
t 1900.732 s
945 PASS
t 1903.725 s
BLUE Team Misses Their Shot
946 SHOOT
t 1910.595 s
RED team has the ball
947 CARRY
t 1913.027 s
948 CARRY
t 1916.035 s
949 STRIP
t 1923.715 s
BLUE team has the ball
950 PASS
t 1924.307 s
951 CARRY
t 1924.463 s
952 PASS
t 1925.171 s
BLUE Team Misses Their Shot
953 SHOOT
t 1926.247 s
RED team has the ball
954 CARRY
t 1930.085 s
955 CARRY
t 1932.563 s
956 CARRY
t 1933.12 s
957 STRIP
t 1936.443 s
BLUE team has the ball
BLUE Team Misses Their Shot
958 SHOOT
t 1936.948 s
RED team has the ball
959 STRIP
t 1940.541 s
BLUE team has the ball
960 PASS
t 1941.29 s
961 STRIP
t 1944.808 s
RED team has the ball
962 CARRY
t 1945.936 s
963 STRIP
t 1947.336 s
BLUE team has the ball
964 PASS
t 1949.522 s
965 STRIP
t 1954.193 s
RED team has the ball
966 CARRY
t 1954.196 s
967 STRIP
t 1957.103 s
BLUE team has the ball
968 PASS
t 1957.713 s
969 CARRY
t 1961.151 s
970 PASS
t 1961.195 s
971 STRIP
t 1962.061 s
RED team has the ball
972 CARRY
t 1966.569 s
973 STRIP
t 1966.968 s
BLUE team has the ball
974 PASS
t 1967.071 s
975 STRIP
t 1967.32 s
RED team has the ball
976 CARRY
t 1973.695 s
977 STRIP
t 1978.573 s
BLUE team has the ball
BLUE Team Misses Their Shot
978 SHOOT
t 1980.954 s
RED team has the ball
979 STRIP
t 1981.197 s
BLUE team has the ball
980 PASS
t 1982.953 s
981 CARRY
t 1983.047 s
982 PASS
t 1983.637 s
983 STRIP
t 1984.343 s
RED team has the ball
984 CARRY
t 1984.921 s
985 STRIP
t 1987.478 s
BLUE team has the ball
986 PASS
t 1990.11 s
987 CARRY
t 1993.895 s
988 PASS
t 1998.297 s
BLUE Team Scores!
The Score is now Red [4, 7] Blue
989 SHOOT
t 1998.401 s
RED team has the ball
990 CARRY
t 1998.734 s
991 CARRY
t 1998.893 s
992 CARRY
t 2003.735 s
993 CARRY
t 2004.837 s
994 CARRY
t 2006.847 s
995 CARRY
t 2008.002 s
996 CARRY
t 2008.061 s
997 CARRY
t 2009.132 s
998 PASS
t 2012.157 s
999 CARRY
t 2013.523 s
1000 PASS
t 2014.554 s
1001 CARRY
t 2016.649 s
1002 STRIP
t 2017.666 s
BLUE team has the ball
1003 PASS
t 2019.471 s
1004 STRIP
t 2024.346 s
RED team has the ball
1005 PASS
t 2025.262 s
1006 CARRY
t 2025.94 s
1007 PASS
t 2027.861 s
1008 CARRY
t 2028.196 s
RED Team Misses Their Shot
1009 SHOOT
t 2029.171 s
BLUE team has the ball
1010 PASS
t 2031.091 s
1011 STRIP
t 2031.301 s
RED team has the ball
1012 PASS
t 2031.48 s
RED Team Misses Their Shot
1013 SHOOT
t 2034.607 s
BLUE team has the ball
1014 PASS
t 2042.133 s
1015 STRIP
t 2048.504 s
RED team has the ball
1016 PASS
t 2048.8 s
1017 CARRY
t 2058.248 s
1018 PASS
t 2059.487 s
1019 CARRY
t 2061.991 s
1020 PASS
t 2066.049 s
RED Team Scores!
The Score is now Red [5, 7] Blue
1021 SHOOT
t 2068.703 s
BLUE team has the ball
1022 CARRY
t 2068.982 s
1023 CARRY
t 2069.768 s
1024 CARRY
t 2071.39 s
1025 CARRY
t 2072.249 s
1026 PASS
t 2073.629 s
1027 CARRY
t 2074.121 s
1028 CARRY
t 2076.148 s
1029 PASS
t 2079.433 s
1030 CARRY
t 2079.693 s
1031 CARRY
t 2082.721 s
1032 CARRY
t 2087.133 s
1033 CARRY
t 2087.509 s
1034 STRIP
t 2087.621 s
RED team has the ball
1035 PASS
t 2097.703 s
1036 CARRY
t 2098.319 s
1037 CARRY
t 2101.349 s
1038 CARRY
t 2102.77 s
1039 STRIP
t 2102.862 s
BLUE team has the ball
1040 PASS
t 2103.166 s
1041 CARRY
t 2106.806 s
1042 PASS
t 2108.214 s
1043 CARRY
t 2109.23 s
1044 CARRY
t 2112.141 s
1045 STRIP
t 2119.009 s
RED team has the ball
1046 PASS
t 2120.106 s
1047 STRIP
t 2121.264 s
BLUE team has the ball
BLUE Team Misses Their Shot
1048 SHOOT
t 2123.406 s
RED team has the ball
1049 CARRY
t 2127.232 s
1050 CARRY
t 2133.202 s
1051 STRIP
t 2135.477 s
BLUE team has the ball
1052 CARRY
t 2138.181 s
1053 STRIP
t 2142.849 s
RED team has the ball
1054 CARRY
t 2143.845 s
1055 STRIP
t 2143.928 s
BLUE team has the ball
BLUE Team Misses Their Shot
1056 SHOOT
t 2145.795 s
RED team has the ball
1057 STRIP
t 2146.24 s
BLUE team has the ball
BLUE Team Misses Their Shot
1058 SHOOT
t 2152.524 s
RED team has the ball
1059 CARRY
t 2152.769 s
1060 PASS
t 2154.273 s
1061 CARRY
t 2154.573 s
1062 CARRY
t 2156.264 s
1063 STRIP
t 2156.415 s
BLUE team has the ball
1064 PASS
t 2156.986 s
1065 STRIP
t 2159.19 s
RED team has the ball
RED Team Misses Their Shot
1066 SHOOT
t 2159.592 s
BLUE team has the ball
1067 PASS
t 2164.253 s
1068 CARRY
t 2169.203 s
1069 STRIP
t 2169.653 s
RED team has the ball
1070 PASS
t 2170.41 s
1071 CARRY
t 2172.402 s
RED Team Misses Their Shot
1072 SHOOT
t 2173.143 s
BLUE team has the ball
1073 PASS
t 2175.247 s
1074 STRIP
t 2178.512 s
RED team has the ball
RED Team Misses Their Shot
1075 SHOOT
t 2180.144 s
BLUE team has the ball
1076 PASS
t 2181.241 s
1077 CARRY
t 2183.51 s
1078 PASS
t 2188.653 s
1079 STRIP
t 2192.884 s
RED team has the ball
RED Team Misses Their Shot
1080 SHOOT
t 2195.312 s
BLUE team has the ball
1081 STRIP
t 2196.455 s
RED team has the ball
1082 PASS
t 2198.395 s
1083 STRIP
t 2199.424 s
BLUE team has the ball
1084 PASS
t 2201.188 s
1085 CARRY
t 2202.366 s
1086 PASS
t 2203.431 s
1087 CARRY
t 2206.134 s
1088 STRIP
t 2206.138 s
RED team has the ball
1089 PASS
t 2208.912 s
1090 STRIP
t 2209.534 s
BLUE team has the ball
1091 PASS
t 2213.299 s
1092 CARRY
t 2214.729 s
1093 PASS
t 2215.367 s
1094 STRIP
t 2221.513 s
RED team has the ball
1095 PASS
t 2223.084 s
1096 STRIP
t 2223.889 s
BLUE team has the ball
1097 PASS
t 2229.897 s
1098 CARRY
t 2232.996 s
1099 CARRY
t 2233.406 s
1100 STRIP
t 2237.246 s
RED team has the ball
1101 CARRY
t 2239.17 s
1102 CARRY
t 2241.472 s
1103 CARRY
t 2242.728 s
1104 STRIP
t 2243.883 s
BLUE team has the ball
1105 PASS
t 2244.483 s
1106 CARRY
t 2246.536 s
1107 PASS
t 2247.103 s
1108 CARRY
t 2247.129 s
1109 CARRY
t 2248.343 s
1110 STRIP
t 2250.363 s
RED team has the ball
1111 PASS
t 2252.554 s
1112 CARRY
t 2253.787 s
1113 PASS
t 2254.243 s
1114 STRIP
t 2254.413 s
BLUE team has the ball
1115 PASS
t 2255.727 s
1116 CARRY
t 2256.177 s
1117 PASS
t 2257.789 s
1118 STRIP
t 2259.316 s
RED team has the ball
1119 PASS
t 2260.928 s
RED Team Misses Their Shot
1120 SHOOT
t 2261.697 s
BLUE team has the ball
1121 PASS
t 2261.812 s
1122 STRIP
t 2264.193 s
RED team has the ball
1123 PASS
t 2264.601 s
1124 CARRY
t 2264.996 s
1125 PASS
t 2266.8 s
1126 STRIP
t 2267.78 s
BLUE team has the ball
1127 PASS
t 2269.184 s
1128 CARRY
t 2270.509 s
1129 PASS
t 2273.038 s
1130 STRIP
t 2275.882 s
RED team has the ball
1131 PASS
t 2277.034 s
1132 CARRY
t 2278.028 s
1133 PASS
t 2280.401 s
1134 STRIP
t 2280.598 s
BLUE team has the ball
1135 PASS
t 2282.414 s
1136 STRIP
t 2284.315 s
RED team has the ball
1137 PASS
t 2285.73 s
RED Team Misses Their Shot
1138 SHOOT
t 2286.534 s
BLUE team has the ball
1139 PASS
t 2286.758 s
1140 STRIP
t 2287.911 s
RED team has the ball
1141 PASS
t 2289.042 s
1142 STRIP
t 2295.249 s
BLUE team has the ball
1143 PASS
t 2296.924 s
1144 CARRY
t 2297.371 s
1145 PASS
t 2297.69 s
1146 STRIP
t 2299.131 s
RED team has the ball
1147 PASS
t 2300.47 s
RED Team Misses Their Shot
1148 SHOOT
t 2304.829 s
BLUE team has the ball
1149 PASS
t 2307.615 s
1150 CARRY
t 2308.637 s
1151 CARRY
t 2309.03 s
1152 STRIP
t 2311.036 s
RED team has the ball
1153 PASS
t 2311.229 s
1154 STRIP
t 2312.575 s
BLUE team has the ball
1155 CARRY
t 2314.069 s
1156 CARRY
t 2314.683 s
1157 STRIP
t 2317.189 s
RED team has the ball
1158 CARRY
t 2318.095 s
1159 PASS
t 2318.764 s
1160 CARRY
t 2320.25 s
RED Team Misses Their Shot
1161 SHOOT
t 2320.442 s
BLUE team has the ball
1162 PASS
t 2324.624 s
1163 CARRY
t 2324.708 s
1164 STRIP
t 2325.681 s
RED team has the ball
1165 PASS
t 2326.653 s
1166 CARRY
t 2327.113 s
1167 PASS
t 2328.651 s
1168 STRIP
t 2330.523 s
BLUE team has the ball
1169 CARRY
t 2331.831 s
1170 STRIP
t 2338.906 s
RED team has the ball
1171 PASS
t 2340.052 s
1172 CARRY
t 2340.174 s
1173 STRIP
t 2340.432 s
BLUE team has the ball
1174 PASS
t 2343.822 s
1175 STRIP
t 2347.165 s
RED team has the ball
1176 PASS
t 2347.69 s
1177 CARRY
t 2348.999 s
RED Team Misses Their Shot
1178 SHOOT
t 2349.602 s
BLUE team has the ball
1179 PASS
t 2349.612 s
1180 STRIP
t 2350.223 s
RED team has the ball
1181 CARRY
t 2351.348 s
1182 STRIP
t 2353.277 s
BLUE team has the ball
1183 CARRY
t 2355.175 s
1184 CARRY
t 2356.807 s
1185 CARRY
t 2362.204 s
1186 STRIP
t 2365.348 s
RED team has the ball
1187 CARRY
t 2365.81 s
1188 STRIP
t 2367.944 s
BLUE team has the ball
1189 CARRY
t 2368.169 s
1190 STRIP
t 2369.198 s
RED team has the ball
1191 CARRY
t 2369.401 s
1192 STRIP
t 2370.082 s
BLUE team has the ball
1193 PASS
t 2373.072 s
BLUE Team Misses Their Shot
1194 SHOOT
t 2373.676 s
RED team has the ball
1195 CARRY
t 2374.996 s
1196 CARRY
t 2376.83 s
1197 CARRY
t 2377.32 s
1198 CARRY
t 2377.719 s
1199 CARRY
t 2377.903 s
1200 CARRY
t 2378.384 s
1201 PASS
t 2379.495 s
1202 CARRY
t 2382.273 s
1203 CARRY
t 2382.713 s
1204 CARRY
t 2382.999 s
1205 CARRY
t 2386.785 s
1206 CARRY
t 2389.447 s
1207 CARRY
t 2392.838 s
1208 CARRY
t 2395.264 s
1209 CARRY
t 2395.786 s
1210 STRIP
t 2395.955 s
BLUE team has the ball
1211 CARRY
t 2397.392 s
1212 CARRY
t 2398.208 s
1213 STRIP
t 2399.142 s
RED team has the ball
1214 CARRY
t 2401.522 s
1215 CARRY
t 2403.901 s
1216 STRIP
t 2404.169 s
BLUE team has the ball
1217 CARRY
t 2405.712 s
1218 CARRY
t 2410.42 s
1219 CARRY
t 2416.442 s
1220 CARRY
t 2417.276 s
1221 STRIP
t 2421.12 s
RED team has the ball
1222 CARRY
t 2426.652 s
1223 STRIP
t 2427.918 s
BLUE team has the ball
1224 CARRY
t 2429.123 s
1225 CARRY
t 2431.497 s
1226 STRIP
t 2431.638 s
RED team has the ball
1227 CARRY
t 2433.486 s
1228 CARRY
t 2433.693 s
1229 STRIP
t 2435.538 s
BLUE team has the ball
1230 CARRY
t 2439.076 s
1231 CARRY
t 2441.929 s
1232 CARRY
t 2442.169 s
1233 PASS
t 2442.321 s
1234 CARRY
t 2442.482 s
1235 CARRY
t 2444.734 s
1236 STRIP
t 2449.442 s
RED team has the ball
1237 PASS
t 2453.544 s
1238 CARRY
t 2454.76 s
1239 CARRY
t 2455.716 s
1240 PASS
t 2456.473 s
1241 CARRY
t 2457.927 s
1242 PASS
t 2460.295 s
1243 CARRY
t 2460.515 s
RED Team Misses Their Shot
1244 SHOOT
t 2463.196 s
BLUE team has the ball
1245 PASS
t 2463.235 s
1246 STRIP
t 2464.3 s
RED team has the ball
1247 PASS
t 2467.489 s
1248 CARRY
t 2467.529 s
1249 PASS
t 2467.872 s
1250 STRIP
t 2469.396 s
BLUE team has the ball
1251 PASS
t 2469.891 s
1252 STRIP
t 2470.722 s
RED team has the ball
1253 PASS
t 2475.158 s
1254 STRIP
t 2475.811 s
BLUE team has the ball
1255 PASS
t 2476.559 s
1256 CARRY
t 2484.593 s
1257 PASS
t 2487.55 s
1258 CARRY
t 2487.564 s
1259 PASS
t 2488.783 s
1260 CARRY
t 2488.884 s
1261 PASS
t 2490.46 s
1262 CARRY
t 2492.172 s
1263 CARRY
t 2493.995 s
1264 STRIP
t 2495.112 s
RED team has the ball
1265 PASS
t 2501.754 s
1266 STRIP
t 2504.713 s
BLUE team has the ball
1267 CARRY
t 2504.877 s
1268 CARRY
t 2506.425 s
1269 PASS
t 2511.481 s
BLUE Team Misses Their Shot
1270 SHOOT
t 2512.089 s
RED team has the ball
1271 CARRY
t 2512.729 s
1272 CARRY
t 2513.584 s
1273 PASS
t 2515.433 s
1274 STRIP
t 2518.482 s
BLUE team has the ball
1275 PASS
t 2519.132 s
1276 CARRY
t 2524.897 s
1277 PASS
t 2526.83 s
1278 CARRY
t 2530.755 s
1279 STRIP
t 2532.74 s
RED team has the ball
1280 PASS
t 2533.167 s
1281 CARRY
t 2534.273 s
1282 CARRY
t 2535.04 s
1283 STRIP
t 2535.32 s
BLUE team has the ball
1284 CARRY
t 2536.04 s
1285 CARRY
t 2536.538 s
1286 CARRY
t 2539.982 s
1287 CARRY
t 2541.058 s
1288 CARRY
t 2546.135 s
1289 CARRY
t 2548.83 s
1290 CARRY
t 2549.248 s
Weird thing happening in move defenders
1291 PASS
t 2549.487 s
BLUE Team Misses Their Shot
1292 SHOOT
t 2549.649 s
RED team has the ball
1293 PASS
t 2554.683 s
1294 CARRY
t 2557.367 s
1295 PASS
t 2559.348 s
1296 CARRY
t 2560.266 s
1297 PASS
t 2562.18 s
1298 CARRY
t 2562.642 s
1299 PASS
t 2565.0 s
1300 CARRY
t 2566.924 s
1301 PASS
t 2568.106 s
1302 CARRY
t 2576.583 s
1303 PASS
t 2577.456 s
RED Team Misses Their Shot
1304 SHOOT
t 2578.139 s
BLUE team has the ball
1305 CARRY
t 2578.543 s
1306 PASS
t 2580.206 s
1307 CARRY
t 2585.122 s
1308 CARRY
t 2586.211 s
1309 PASS
t 2587.265 s
1310 STRIP
t 2588.245 s
RED team has the ball
1311 PASS
t 2592.257 s
1312 STRIP
t 2594.047 s
BLUE team has the ball
1313 PASS
t 2598.007 s
1314 CARRY
t 2603.148 s
1315 PASS
t 2603.762 s
1316 STRIP
t 2604.974 s
RED team has the ball
1317 CARRY
t 2606.18 s
1318 PASS
t 2606.92 s
1319 CARRY
t 2607.329 s
1320 PASS
t 2608.728 s
1321 CARRY
t 2610.821 s
1322 PASS
t 2612.44 s
1323 CARRY
t 2614.505 s
1324 PASS
t 2615.123 s
1325 CARRY
t 2619.491 s
1326 PASS
t 2623.045 s
1327 STRIP
t 2624.363 s
BLUE team has the ball
1328 PASS
t 2624.983 s
1329 CARRY
t 2625.976 s
1330 PASS
t 2626.391 s
1331 CARRY
t 2629.032 s
1332 CARRY
t 2629.719 s
1333 STRIP
t 2629.746 s
RED team has the ball
1334 PASS
t 2634.762 s
1335 CARRY
t 2635.812 s
1336 CARRY
t 2636.231 s
1337 PASS
t 2638.471 s
1338 STRIP
t 2638.734 s
BLUE team has the ball
1339 CARRY
t 2639.737 s
1340 STRIP
t 2641.764 s
RED team has the ball
1341 PASS
t 2643.939 s
1342 STRIP
t 2644.402 s
BLUE team has the ball
1343 CARRY
t 2646.33 s
1344 PASS
t 2649.579 s
1345 CARRY
t 2651.423 s
1346 CARRY
t 2651.86 s
1347 PASS
t 2652.849 s
1348 CARRY
t 2653.421 s
1349 PASS
t 2655.814 s
1350 CARRY
t 2661.964 s
1351 PASS
t 2662.767 s
1352 STRIP
t 2667.531 s
RED team has the ball
1353 CARRY
t 2667.791 s
1354 STRIP
t 2669.389 s
BLUE team has the ball
1355 PASS
t 2674.248 s
1356 STRIP
t 2674.84 s
RED team has the ball
1357 PASS
t 2675.171 s
1358 CARRY
t 2675.331 s
1359 PASS
t 2675.346 s
1360 STRIP
t 2676.232 s
BLUE team has the ball
1361 PASS
t 2676.262 s
1362 STRIP
t 2677.81 s
RED team has the ball
1363 PASS
t 2679.497 s
1364 CARRY
t 2680.712 s
1365 PASS
t 2681.964 s
1366 CARRY
t 2682.44 s
1367 PASS
t 2683.583 s
1368 CARRY
t 2684.505 s
1369 PASS
t 2688.544 s
1370 CARRY
t 2689.398 s
RED Team Misses Their Shot
1371 SHOOT
t 2689.764 s
BLUE team has the ball
1372 PASS
t 2689.988 s
1373 STRIP
t 2691.904 s
RED team has the ball
1374 CARRY
t 2693.921 s
1375 STRIP
t 2694.687 s
BLUE team has the ball
1376 PASS
t 2697.747 s
1377 STRIP
t 2697.913 s
RED team has the ball
RED Team Misses Their Shot
1378 SHOOT
t 2698.118 s
BLUE team has the ball
1379 PASS
t 2699.227 s
1380 STRIP
t 2699.571 s
RED team has the ball
1381 PASS
t 2702.143 s
1382 CARRY
t 2702.53 s
RED Team Misses Their Shot
1383 SHOOT
t 2703.517 s
BLUE team has the ball
1384 PASS
t 2706.341 s
1385 STRIP
t 2712.114 s
RED team has the ball
1386 PASS
t 2712.919 s
RED Team Misses Their Shot
1387 SHOOT
t 2716.69 s
BLUE team has the ball
1388 STRIP
t 2717.467 s
RED team has the ball
1389 CARRY
t 2725.769 s
1390 STRIP
t 2727.851 s
BLUE team has the ball
1391 CARRY
t 2734.456 s
1392 PASS
t 2734.514 s
1393 CARRY
t 2738.113 s
1394 CARRY
t 2738.571 s
1395 CARRY
t 2740.281 s
1396 CARRY
t 2741.29 s
1397 PASS
t 2742.366 s
1398 CARRY
t 2744.823 s
1399 PASS
t 2750.171 s
1400 CARRY
t 2750.481 s
1401 PASS
t 2753.379 s
1402 CARRY
t 2754.491 s
1403 STRIP
t 2754.751 s
RED team has the ball
1404 PASS
t 2760.171 s
1405 CARRY
t 2762.949 s
1406 PASS
t 2770.227 s
1407 STRIP
t 2777.389 s
BLUE team has the ball
1408 PASS
t 2781.275 s
BLUE Team Misses Their Shot
1409 SHOOT
t 2786.003 s
RED team has the ball
1410 CARRY
t 2788.085 s
1411 CARRY
t 2789.839 s
1412 CARRY
t 2795.297 s
1413 CARRY
t 2795.7 s
1414 CARRY
t 2798.631 s
1415 CARRY
t 2809.863 s
1416 CARRY
t 2815.261 s
1417 STRIP
t 2817.294 s
BLUE team has the ball
1418 PASS
t 2818.491 s
1419 CARRY
t 2820.709 s
1420 PASS
t 2821.946 s
1421 CARRY
t 2831.25 s
1422 PASS
t 2834.3 s
1423 CARRY
t 2834.62 s
1424 CARRY
t 2838.054 s
1425 STRIP
t 2839.264 s
RED team has the ball
1426 CARRY
t 2845.065 s
1427 PASS
t 2847.623 s
1428 STRIP
t 2848.911 s
BLUE team has the ball
1429 PASS
t 2849.863 s
1430 CARRY
t 2849.902 s
1431 PASS
t 2851.846 s
1432 CARRY
t 2852.191 s
1433 CARRY
t 2852.782 s
1434 PASS
t 2853.023 s
BLUE Team Misses Their Shot
1435 SHOOT
t 2853.816 s
RED team has the ball
1436 STRIP
t 2857.586 s
BLUE team has the ball
1437 CARRY
t 2857.789 s
1438 STRIP
t 2862.258 s
RED team has the ball
1439 PASS
t 2862.79 s
1440 CARRY
t 2863.53 s
1441 PASS
t 2863.786 s
1442 CARRY
t 2865.325 s
1443 PASS
t 2865.987 s
1444 STRIP
t 2867.345 s
BLUE team has the ball
1445 PASS
t 2873.49 s
1446 CARRY
t 2876.297 s
1447 CARRY
t 2882.871 s
1448 CARRY
t 2884.91 s
1449 STRIP
t 2894.195 s
RED team has the ball
1450 PASS
t 2895.902 s
1451 CARRY
t 2896.005 s
1452 CARRY
t 2896.215 s
1453 PASS
t 2896.251 s
1454 CARRY
t 2896.406 s
1455 PASS
t 2898.149 s
1456 CARRY
t 2899.099 s
1457 PASS
t 2903.753 s
1458 CARRY
t 2904.2 s
1459 CARRY
t 2905.175 s
1460 PASS
t 2906.845 s
1461 CARRY
t 2906.885 s
1462 PASS
t 2908.671 s
1463 CARRY
t 2909.707 s
1464 CARRY
t 2910.63 s
RED Team Misses Their Shot
1465 SHOOT
t 2913.862 s
BLUE team has the ball
1466 STRIP
t 2914.444 s
RED team has the ball
1467 PASS
t 2915.727 s
1468 CARRY
t 2916.488 s
1469 PASS
t 2918.503 s
1470 CARRY
t 2922.13 s
1471 PASS
t 2922.273 s
1472 STRIP
t 2924.485 s
BLUE team has the ball
1473 CARRY
t 2925.661 s
1474 PASS
t 2928.901 s
1475 CARRY
t 2936.053 s
1476 PASS
t 2940.764 s
1477 CARRY
t 2941.464 s
1478 PASS
t 2944.499 s
1479 CARRY
t 2948.452 s
1480 PASS
t 2949.345 s
1481 STRIP
t 2956.383 s
RED team has the ball
1482 PASS
t 2958.291 s
1483 CARRY
t 2959.25 s
1484 CARRY
t 2963.961 s
1485 PASS
t 2968.548 s
1486 STRIP
t 2972.772 s
BLUE team has the ball
1487 CARRY
t 2976.655 s
1488 PASS
t 2981.607 s
1489 CARRY
t 2989.379 s
1490 PASS
t 2990.009 s
1491 STRIP
t 2990.752 s
RED team has the ball
1492 PASS
t 2992.336 s
1493 CARRY
t 2995.176 s
1494 PASS
t 2995.733 s
1495 CARRY
t 2998.476 s
1496 PASS
t 2999.178 s
1497 STRIP
t 3005.24 s
BLUE team has the ball
1498 CARRY
t 3008.61 s
1499 CARRY
t 3008.843 s
1500 STRIP
t 3009.823 s
RED team has the ball
1501 CARRY
t 3009.886 s
1502 STRIP
t 3012.425 s
BLUE team has the ball
1503 CARRY
t 3014.424 s
1504 STRIP
t 3014.772 s
RED team has the ball
1505 CARRY
t 3016.15 s
1506 PASS
t 3026.32 s
1507 CARRY
t 3027.372 s
1508 PASS
t 3030.93 s
1509 CARRY
t 3031.324 s
1510 PASS
t 3032.587 s
1511 STRIP
t 3033.944 s
BLUE team has the ball
1512 PASS
t 3034.15 s
1513 CARRY
t 3034.302 s
1514 CARRY
t 3035.967 s
1515 PASS
t 3037.022 s
1516 CARRY
t 3037.824 s
1517 PASS
t 3041.858 s
1518 CARRY
t 3046.523 s
1519 CARRY
t 3047.985 s
1520 STRIP
t 3048.235 s
RED team has the ball
1521 PASS
t 3054.128 s
1522 CARRY
t 3057.806 s
1523 PASS
t 3058.106 s
1524 STRIP
t 3059.337 s
BLUE team has the ball
BLUE Team Misses Their Shot
1525 SHOOT
t 3063.088 s
RED team has the ball
1526 CARRY
t 3063.876 s
1527 CARRY
t 3064.673 s
1528 STRIP
t 3067.63 s
BLUE team has the ball
1529 PASS
t 3069.018 s
1530 CARRY
t 3069.515 s
BLUE Team Misses Their Shot
1531 SHOOT
t 3069.619 s
RED team has the ball
1532 STRIP
t 3069.954 s
BLUE team has the ball
1533 PASS
t 3071.699 s
BLUE Team Misses Their Shot
1534 SHOOT
t 3073.959 s
RED team has the ball
1535 STRIP
t 3082.521 s
BLUE team has the ball
1536 CARRY
t 3085.38 s
BLUE Team Scores!
The Score is now Red [5, 8] Blue
1537 SHOOT
t 3086.839 s
RED team has the ball
1538 CARRY
t 3087.693 s
1539 CARRY
t 3088.722 s
1540 CARRY
t 3089.683 s
1541 CARRY
t 3090.451 s
1542 CARRY
t 3094.086 s
1543 CARRY
t 3094.539 s
1544 CARRY
t 3101.548 s
1545 CARRY
t 3102.79 s
1546 STRIP
t 3102.91 s
BLUE team has the ball
1547 PASS
t 3105.05 s
1548 CARRY
t 3108.017 s
1549 PASS
t 3109.773 s
1550 CARRY
t 3110.258 s
1551 STRIP
t 3110.695 s
RED team has the ball
1552 PASS
t 3110.72 s
1553 STRIP
t 3111.745 s
BLUE team has the ball
1554 PASS
t 3112.653 s
1555 CARRY
t 3112.869 s
1556 CARRY
t 3116.554 s
1557 PASS
t 3118.533 s
1558 CARRY
t 3119.193 s
1559 PASS
t 3122.231 s
1560 CARRY
t 3128.077 s
1561 PASS
t 3129.71 s
1562 STRIP
t 3130.959 s
RED team has the ball
1563 PASS
t 3131.148 s
1564 STRIP
t 3131.696 s
BLUE team has the ball
1565 CARRY
t 3132.127 s
1566 STRIP
t 3134.029 s
RED team has the ball
1567 PASS
t 3135.842 s
1568 STRIP
t 3138.791 s
BLUE team has the ball
1569 CARRY
t 3139.821 s
1570 PASS
t 3140.203 s
1571 STRIP
t 3144.555 s
RED team has the ball
1572 PASS
t 3147.701 s
1573 CARRY
t 3149.792 s
1574 STRIP
t 3150.442 s
BLUE team has the ball
BLUE Team Misses Their Shot
1575 SHOOT
t 3155.688 s
RED team has the ball
1576 CARRY
t 3155.886 s
1577 PASS
t 3156.2 s
RED Team Misses Their Shot
1578 SHOOT
t 3157.085 s
BLUE team has the ball
1579 PASS
t 3157.664 s
1580 STRIP
t 3167.785 s
RED team has the ball
1581 PASS
t 3169.432 s
1582 STRIP
t 3170.352 s
BLUE team has the ball
1583 CARRY
t 3171.558 s
1584 CARRY
t 3171.569 s
1585 CARRY
t 3175.787 s
1586 PASS
t 3175.916 s
1587 CARRY
t 3177.323 s
1588 PASS
t 3177.451 s
1589 CARRY
t 3181.754 s
1590 PASS
t 3182.864 s
1591 STRIP
t 3184.921 s
RED team has the ball
RED Team Misses Their Shot
1592 SHOOT
t 3185.218 s
BLUE team has the ball
1593 STRIP
t 3190.044 s
RED team has the ball
1594 PASS
t 3190.432 s
1595 CARRY
t 3193.66 s
1596 CARRY
t 3195.02 s
1597 STRIP
t 3195.95 s
BLUE team has the ball
1598 PASS
t 3197.448 s
1599 STRIP
t 3200.174 s
RED team has the ball
1600 PASS
t 3201.63 s
1601 STRIP
t 3201.879 s
BLUE team has the ball
1602 PASS
t 3202.146 s
1603 CARRY
t 3202.193 s
1604 PASS
t 3203.803 s
1605 CARRY
t 3208.585 s
1606 PASS
t 3209.116 s
1607 CARRY
t 3209.154 s
1608 PASS
t 3211.083 s
1609 STRIP
t 3213.262 s
RED team has the ball
1610 PASS
t 3214.772 s
1611 STRIP
t 3217.68 s
BLUE team has the ball
1612 PASS
t 3220.887 s
1613 CARRY
t 3222.466 s
1614 PASS
t 3227.322 s
1615 STRIP
t 3228.994 s
RED team has the ball
1616 CARRY
t 3231.566 s
1617 PASS
t 3233.216 s
1618 CARRY
t 3239.76 s
1619 STRIP
t 3242.101 s
BLUE team has the ball
1620 PASS
t 3242.889 s
1621 STRIP
t 3243.344 s
RED team has the ball
1622 PASS
t 3243.588 s
1623 CARRY
t 3245.541 s
1624 PASS
t 3246.857 s
1625 CARRY
t 3246.981 s
1626 PASS
t 3248.295 s
1627 CARRY
t 3251.001 s
RED Team Misses Their Shot
1628 SHOOT
t 3255.896 s
BLUE team has the ball
1629 PASS
t 3257.656 s
1630 STRIP
t 3259.042 s
RED team has the ball
1631 PASS
t 3260.375 s
1632 CARRY
t 3260.493 s
1633 STRIP
t 3260.895 s
BLUE team has the ball
1634 PASS
t 3262.11 s
1635 STRIP
t 3267.467 s
RED team has the ball
1636 PASS
t 3267.729 s
1637 CARRY
t 3267.737 s
1638 STRIP
t 3269.321 s
BLUE team has the ball
1639 PASS
t 3269.625 s
1640 CARRY
t 3271.757 s
1641 CARRY
t 3273.761 s
1642 CARRY
t 3274.325 s
1643 CARRY
t 3281.928 s
BLUE Team Misses Their Shot
1644 SHOOT
t 3292.266 s
RED team has the ball
1645 CARRY
t 3294.809 s
1646 CARRY
t 3295.754 s
1647 STRIP
t 3299.449 s
BLUE team has the ball
1648 CARRY
t 3304.395 s
1649 STRIP
t 3304.858 s
RED team has the ball
1650 CARRY
t 3306.16 s
1651 CARRY
t 3309.672 s
1652 CARRY
t 3311.828 s
1653 CARRY
t 3312.583 s
1654 CARRY
t 3313.004 s
1655 CARRY
t 3314.364 s
1656 CARRY
t 3318.21 s
1657 CARRY
t 3318.937 s
1658 CARRY
t 3322.87 s
1659 CARRY
t 3328.603 s
1660 CARRY
t 3329.519 s
1661 CARRY
t 3335.717 s
1662 STRIP
t 3336.675 s
BLUE team has the ball
1663 CARRY
t 3337.033 s
1664 STRIP
t 3338.804 s
RED team has the ball
1665 CARRY
t 3345.016 s
1666 CARRY
t 3347.172 s
1667 CARRY
t 3348.891 s
1668 STRIP
t 3349.359 s
BLUE team has the ball
1669 PASS
t 3350.424 s
1670 STRIP
t 3350.747 s
RED team has the ball
1671 CARRY
t 3351.745 s
1672 CARRY
t 3354.019 s
1673 CARRY
t 3356.239 s
1674 PASS
t 3363.192 s
1675 STRIP
t 3364.412 s
BLUE team has the ball
1676 PASS
t 3365.833 s
1677 CARRY
t 3366.363 s
1678 PASS
t 3366.413 s
1679 CARRY
t 3366.483 s
1680 PASS
t 3369.525 s
1681 STRIP
t 3373.645 s
RED team has the ball
RED Team Scores!
The Score is now Red [6, 8] Blue
1682 SHOOT
t 3375.207 s
BLUE team has the ball
1683 CARRY
t 3375.619 s
1684 CARRY
t 3380.838 s
1685 CARRY
t 3380.86 s
1686 STRIP
t 3385.08 s
RED team has the ball
1687 PASS
t 3386.227 s
1688 CARRY
t 3386.824 s
1689 PASS
t 3395.386 s
1690 CARRY
t 3396.938 s
1691 CARRY
t 3398.298 s
1692 CARRY
t 3401.241 s
1693 CARRY
t 3402.466 s
1694 CARRY
t 3402.487 s
1695 CARRY
t 3407.695 s
1696 STRIP
t 3409.091 s
BLUE team has the ball
1697 PASS
t 3422.342 s
1698 STRIP
t 3423.522 s
RED team has the ball
1699 CARRY
t 3426.205 s
1700 STRIP
t 3427.997 s
BLUE team has the ball
1701 PASS
t 3428.131 s
1702 CARRY
t 3430.911 s
1703 STRIP
t 3432.149 s
RED team has the ball
1704 CARRY
t 3436.108 s
1705 CARRY
t 3436.574 s
1706 CARRY
t 3438.528 s
1707 STRIP
t 3439.15 s
BLUE team has the ball
1708 PASS
t 3439.944 s
1709 CARRY
t 3440.625 s
1710 PASS
t 3446.149 s
1711 STRIP
t 3446.768 s
RED team has the ball
1712 CARRY
t 3448.202 s
1713 STRIP
t 3449.183 s
BLUE team has the ball
1714 PASS
t 3450.331 s
1715 CARRY
t 3450.71 s
1716 CARRY
t 3456.139 s
1717 PASS
t 3456.666 s
1718 STRIP
t 3458.785 s
RED team has the ball
RED Team Scores!
The Score is now Red [7, 8] Blue
1719 SHOOT
t 3459.655 s
BLUE team has the ball
1720 CARRY
t 3463.983 s
1721 CARRY
t 3464.075 s
1722 CARRY
t 3467.003 s
1723 CARRY
t 3469.079 s
1724 PASS
t 3470.573 s
1725 CARRY
t 3474.21 s
1726 CARRY
t 3474.633 s
1727 PASS
t 3476.343 s
1728 CARRY
t 3478.472 s
1729 CARRY
t 3479.555 s
1730 CARRY
t 3480.877 s
1731 STRIP
t 3483.016 s
RED team has the ball
1732 PASS
t 3495.023 s
1733 STRIP
t 3500.252 s
BLUE team has the ball
1734 CARRY
t 3502.574 s
1735 STRIP
t 3504.245 s
RED team has the ball
1736 PASS
t 3504.337 s
1737 STRIP
t 3506.63 s
BLUE team has the ball
1738 CARRY
t 3508.88 s
1739 STRIP
t 3516.718 s
RED team has the ball
1740 PASS
t 3518.467 s
1741 CARRY
t 3521.254 s
1742 STRIP
t 3523.095 s
BLUE team has the ball
1743 PASS
t 3523.27 s
1744 CARRY
t 3523.67 s
1745 PASS
t 3530.287 s
1746 CARRY
t 3531.97 s
1747 PASS
t 3532.99 s
1748 CARRY
t 3534.484 s
1749 PASS
t 3538.819 s
1750 CARRY
t 3539.481 s
1751 CARRY
t 3540.832 s
1752 STRIP
t 3546.232 s
RED team has the ball
1753 PASS
t 3548.257 s
1754 CARRY
t 3549.149 s
1755 CARRY
t 3549.462 s
1756 PASS
t 3551.64 s
1757 CARRY
t 3556.567 s
1758 CARRY
t 3559.688 s
1759 PASS
t 3560.129 s
1760 CARRY
t 3562.942 s
1761 CARRY
t 3563.218 s
1762 CARRY
t 3571.807 s
1763 STRIP
t 3583.196 s
BLUE team has the ball
1764 CARRY
t 3584.306 s
1765 PASS
t 3585.139 s
1766 CARRY
t 3585.197 s
1767 CARRY
t 3585.983 s
1768 PASS
t 3587.347 s
1769 CARRY
t 3589.494 s
1770 PASS
t 3591.474 s
1771 CARRY
t 3593.478 s
1772 PASS
t 3597.066 s
1773 CARRY
t 3597.219 s
1774 STRIP
t 3597.889 s
RED team has the ball
1775 PASS
t 3598.554 s
1776 CARRY
t 3600.073 s
1777 PASS
Game Over!
Red [7, 8] Blue
Blue Team Wins!
